0 info it worked if it ends with ok
1 verbose cli [ 'C:\\Program Files\\nodejs\\node.exe',
1 verbose cli   'C:\\Program Files\\nodejs\\node_modules\\npm\\bin\\npm-cli.js',
1 verbose cli   'run',
1 verbose cli   'dev' ]
2 info using npm@3.10.10
3 info using node@v6.11.1
4 verbose run-script [ 'predev', 'dev', 'postdev' ]
5 info lifecycle shoplocalis@1.0.0~predev: shoplocalis@1.0.0
6 silly lifecycle shoplocalis@1.0.0~predev: no script for predev, continuing
7 info lifecycle shoplocalis@1.0.0~dev: shoplocalis@1.0.0
8 verbose lifecycle shoplocalis@1.0.0~dev: unsafe-perm in lifecycle true
9 verbose lifecycle shoplocalis@1.0.0~dev: PATH: C:\Program Files\nodejs\node_modules\npm\bin\node-gyp-bin;C:\Users\hdeso\OneDrive\SKYLAB\FINALPROJECT\shoplocalis\node_modules\.bin;C:\Users\hdeso\Desktop\cmder\bin;C:\Users\hdeso\Desktop\cmder\vendor\conemu-maximus5\ConEmu\Scripts;C:\Users\hdeso\Desktop\cmder\vendor\conemu-maximus5;C:\Users\hdeso\Desktop\cmder\vendor\conemu-maximus5\ConEmu;C:\Windows\system32;C:\Windows;C:\Windows\System32\Wbem;C:\Windows\System32\WindowsPowerShell\v1.0\;C:\Program Files (x86)\Brackets\command;C:\Program Files\Lenovo\Bluetooth Software\;C:\Program Files\Lenovo\Bluetooth Software\syswow64;C:\Program Files\nodejs\;C:\Program Files\Git\cmd;C:\Users\hdeso\AppData\Local\Programs\Python\Python36-32\Scripts\;C:\Users\hdeso\AppData\Local\Programs\Python\Python36-32\;C:\Users\hdeso\AppData\Local\Microsoft\WindowsApps;C:\Users\hdeso\AppData\Roaming\npm;C:\Users\hdeso\AppData\Local\atom\bin;C:\Program Files\Microsoft VS Code\bin;C:\Program Files\MongoDB\Server\3.4\bin;C:\Program Files\Heroku\bin;C:\Program Files\Sublime Text 3;;C:\Program Files\Git\usr\bin;C:\Program Files\Git\usr\share\vim\vim74;C:\Users\hdeso\Desktop\cmder\
10 verbose lifecycle shoplocalis@1.0.0~dev: CWD: C:\Users\hdeso\OneDrive\SKYLAB\FINALPROJECT\shoplocalis
11 silly lifecycle shoplocalis@1.0.0~dev: Args: [ '/d /s /c', 'nodemon server/app.js --ignore sessions/' ]
12 silly lifecycle shoplocalis@1.0.0~dev: Returned: code: 1  signal: null
13 info lifecycle shoplocalis@1.0.0~dev: Failed to exec dev script
14 verbose stack Error: shoplocalis@1.0.0 dev: `nodemon server/app.js --ignore sessions/`
14 verbose stack Exit status 1
14 verbose stack     at EventEmitter.<anonymous> (C:\Program Files\nodejs\node_modules\npm\lib\utils\lifecycle.js:255:16)
14 verbose stack     at emitTwo (events.js:106:13)
14 verbose stack     at EventEmitter.emit (events.js:191:7)
14 verbose stack     at ChildProcess.<anonymous> (C:\Program Files\nodejs\node_modules\npm\lib\utils\spawn.js:40:14)
14 verbose stack     at emitTwo (events.js:106:13)
14 verbose stack     at ChildProcess.emit (events.js:191:7)
14 verbose stack     at maybeClose (internal/child_process.js:891:16)
14 verbose stack     at Process.ChildProcess._handle.onexit (internal/child_process.js:226:5)
15 verbose pkgid shoplocalis@1.0.0
16 verbose cwd C:\Users\hdeso\OneDrive\SKYLAB\FINALPROJECT\shoplocalis
17 error Windows_NT 10.0.15063
18 error argv "C:\\Program Files\\nodejs\\node.exe" "C:\\Program Files\\nodejs\\node_modules\\npm\\bin\\npm-cli.js" "run" "dev"
19 error node v6.11.1
20 error npm  v3.10.10
21 error code ELIFECYCLE
22 error shoplocalis@1.0.0 dev: `nodemon server/app.js --ignore sessions/`
22 error Exit status 1
23 error Failed at the shoplocalis@1.0.0 dev script 'nodemon server/app.js --ignore sessions/'.
23 error Make sure you have the latest version of node.js and npm installed.
23 error If you do, this is most likely a problem with the shoplocalis package,
23 error not with npm itself.
23 error Tell the author that this fails on your system:
23 error     nodemon server/app.js --ignore sessions/
23 error You can get information on how to open an issue for this project with:
23 error     npm bugs shoplocalis
23 error Or if that isn't available, you can get their info via:
23 error     npm owner ls shoplocalis
23 error There is likely additional logging output above.
24 verbose exit [ 1, true ]
